{
  "commandsError": "{\"success\":false,\"commands\":[{\"command\":\"sudo npm start\",\"output\":\"\\n> wings-landing-page@0.1.0 start\\n> react-scripts start\\n\\nStarting the development server...\\n\\nCompiled successfully!\\n\\nYou can now view wings-landing-page in the browser.\\n\\n  Local:            http://localhost:3000\\n  On Your Network:  http://192.168.100.7:3000\\n\\nNote that the development build is not optimized.\\nTo create a production build, use npm run build.\\n\\nwebpack compiled successfully\\nCompiling...\\nThe build failed because the process exited too early. This probably means the system ran out of memory or someone called `kill -9` on the process.\\n\\n(node:15361) [DEP_WEBPACK_DEV_SERVER_ON_AFTER_SETUP_MIDDLEWARE] DeprecationWarning: 'onAfterSetupMiddleware' option is deprecated. Please use the 'setupMiddlewares' option.\\n(Use `node --trace-deprecation ...` to show where the warning was created)\\n(node:15361) [DEP_WEBPACK_DEV_SERVER_ON_BEFORE_SETUP_MIDDLEWARE] DeprecationWarning: 'onBeforeSetupMiddleware' option is deprecated. Please use the 'setupMiddlewares' option.\\n\",\"success\":false}],\"path\":\"/Users/brinis/Documents/GitHub/GWINGs\",\"testResults\":{\"success\":false,\"commands\":[{\"command\":\"curl -I http://localhost:3000\",\"output\":\"\\n  % Total    % Received % Xferd  Average Speed   Time    Time     Time  Current\\n                                 Dload  Upload   Total   Spent    Left  Speed\\n\\r  0     0    0     0    0     0      0      0 --:--:-- --:--:-- --:--:--     0\\r  0     0    0     0    0     0      0      0 --:--:-- --:--:-- --:--:--     0\\ncurl: (7) Failed to connect to localhost port 3000 after 0 ms: Couldn't connect to server\\n\",\"success\":false}]}}",
  "testReport": null,
  "testReportString": null,
  "output": {
    "success": false,
    "commands": [
      {
        "command": "sudo npm start",
        "output": "\n> wings-landing-page@0.1.0 start\n> react-scripts start\n\nStarting the development server...\n\nCompiled successfully!\n\nYou can now view wings-landing-page in the browser.\n\n  Local:            http://localhost:3000\n  On Your Network:  http://192.168.100.7:3000\n\nNote that the development build is not optimized.\nTo create a production build, use npm run build.\n\nwebpack compiled successfully\nCompiling...\nThe build failed because the process exited too early. This probably means the system ran out of memory or someone called `kill -9` on the process.\n\n(node:15361) [DEP_WEBPACK_DEV_SERVER_ON_AFTER_SETUP_MIDDLEWARE] DeprecationWarning: 'onAfterSetupMiddleware' option is deprecated. Please use the 'setupMiddlewares' option.\n(Use `node --trace-deprecation ...` to show where the warning was created)\n(node:15361) [DEP_WEBPACK_DEV_SERVER_ON_BEFORE_SETUP_MIDDLEWARE] DeprecationWarning: 'onBeforeSetupMiddleware' option is deprecated. Please use the 'setupMiddlewares' option.\n",
        "success": false
      }
    ],
    "path": "/Users/brinis/Documents/GitHub/GWINGs",
    "testResults": {
      "success": false,
      "commands": [
        {
          "command": "curl -I http://localhost:3000",
          "output": "\n  % Total    % Received % Xferd  Average Speed   Time    Time     Time  Current\n                                 Dload  Upload   Total   Spent    Left  Speed\n\r  0     0    0     0    0     0      0      0 --:--:-- --:--:-- --:--:--     0\r  0     0    0     0    0     0      0      0 --:--:-- --:--:-- --:--:--     0\ncurl: (7) Failed to connect to localhost port 3000 after 0 ms: Couldn't connect to server\n",
          "success": false
        }
      ]
    }
  },
  "generalErrors": null
}